<?xml version="1.0" encoding="UTF-8" ?>
<testsuite tests="5" failures="0" name="uk.gergely.kiss.test.GameServiceTest" time="0.056" errors="0" skipped="0">
  <properties>
    <property name="java.runtime.name" value="Java(TM) SE Runtime Environment"/>
    <property name="sun.boot.library.path" value="C:\Users\kiss-\Util\Java\jdk1.8.0_172\jre\bin"/>
    <property name="java.vm.version" value="25.172-b11"/>
    <property name="java.vm.vendor" value="Oracle Corporation"/>
    <property name="maven.multiModuleProjectDirectory" value="C:/Users/kiss-/Documents/eclipseProjects/Gendis"/>
    <property name="java.vendor.url" value="http://java.oracle.com/"/>
    <property name="path.separator" value=";"/>
    <property name="guice.disable.misplaced.annotation.check" value="true"/>
    <property name="java.vm.name" value="Java HotSpot(TM) 64-Bit Server VM"/>
    <property name="file.encoding.pkg" value="sun.io"/>
    <property name="user.script" value=""/>
    <property name="user.country" value="GB"/>
    <property name="sun.java.launcher" value="SUN_STANDARD"/>
    <property name="sun.os.patch.level" value=""/>
    <property name="java.vm.specification.name" value="Java Virtual Machine Specification"/>
    <property name="user.dir" value="C:\Users\kiss-\Documents\eclipseProjects\Gendis"/>
    <property name="java.runtime.version" value="1.8.0_172-b11"/>
    <property name="java.awt.graphicsenv" value="sun.awt.Win32GraphicsEnvironment"/>
    <property name="java.endorsed.dirs" value="C:\Users\kiss-\Util\Java\jdk1.8.0_172\jre\lib\endorsed"/>
    <property name="os.arch" value="amd64"/>
    <property name="java.io.tmpdir" value="C:\Users\kiss-\AppData\Local\Temp\"/>
    <property name="line.separator" value="
"/>
    <property name="java.vm.specification.vendor" value="Oracle Corporation"/>
    <property name="user.variant" value=""/>
    <property name="os.name" value="Windows 10"/>
    <property name="classworlds.conf" value="C:/Users/kiss-/Util/apache-maven-3.5.4/bin/m2.conf"/>
    <property name="sun.jnu.encoding" value="Cp1252"/>
    <property name="java.library.path" value="C:\Users\kiss-\Util\Java\jdk1.8.0_172\bin;C:\WINDOWS\Sun\Java\bin;C:\WINDOWS\system32;C:\WINDOWS;C:\Users\kiss-\bin;C:\Users\kiss-\Util\Git\mingw64\bin;C:\Users\kiss-\Util\Git\usr\local\bin;C:\Users\kiss-\Util\Git\usr\bin;C:\Users\kiss-\Util\Git\usr\bin;C:\Users\kiss-\Util\Git\mingw64\bin;C:\Users\kiss-\Util\Git\usr\bin;C:\Users\kiss-\bin;C:\Program Files (x86)\Common Files\Oracle\Java\javapath;C:\WINDOWS\system32;C:\WINDOWS;C:\WINDOWS\System32\Wbem;C:\WINDOWS\System32\WindowsPowerShell\v1.0;C:\WINDOWS\System32\OpenSSH;C:\Users\kiss-\Util\apache-maven-3.5.4\bin;C:\Users\kiss-\Util\sqlite-dll-win64-x64-3250200;C:\Users\kiss-\Util\Git\cmd;C:\Users\kiss-\Util\WinSCP;C:\Users\kiss-\Util\BitviseSSHClient;C:\Users\kiss-\Util\Python\Python37-32\Scripts;C:\Users\kiss-\Util\Python\Python37-32;C:\Users\kiss-\AppData\Local\Microsoft\WindowsApps;C:\Users\kiss-\AppData\Local\atom\bin;%USERPROFILE%\AppData\Local\Microsoft\WindowsApps;C:\Users\kiss-\Util\Git\usr\bin\vendor_perl;C:\Users\kiss-\Util\Git\usr\bin\core_perl;."/>
    <property name="maven.conf" value="C:/Users/kiss-/Util/apache-maven-3.5.4/conf"/>
    <property name="java.specification.name" value="Java Platform API Specification"/>
    <property name="java.class.version" value="52.0"/>
    <property name="sun.management.compiler" value="HotSpot 64-Bit Tiered Compilers"/>
    <property name="os.version" value="10.0"/>
    <property name="library.jansi.path" value="C:/Users/kiss-/Util/apache-maven-3.5.4/lib/jansi-native"/>
    <property name="user.home" value="C:\Users\kiss-"/>
    <property name="user.timezone" value="Europe/London"/>
    <property name="java.awt.printerjob" value="sun.awt.windows.WPrinterJob"/>
    <property name="java.specification.version" value="1.8"/>
    <property name="file.encoding" value="Cp1252"/>
    <property name="user.name" value="kiss-"/>
    <property name="java.class.path" value="C:/Users/kiss-/Util/apache-maven-3.5.4/boot/plexus-classworlds-2.5.2.jar"/>
    <property name="java.vm.specification.version" value="1.8"/>
    <property name="sun.arch.data.model" value="64"/>
    <property name="java.home" value="C:\Users\kiss-\Util\Java\jdk1.8.0_172\jre"/>
    <property name="sun.java.command" value="org.codehaus.plexus.classworlds.launcher.Launcher clean install"/>
    <property name="java.specification.vendor" value="Oracle Corporation"/>
    <property name="user.language" value="en"/>
    <property name="awt.toolkit" value="sun.awt.windows.WToolkit"/>
    <property name="java.vm.info" value="mixed mode"/>
    <property name="java.version" value="1.8.0_172"/>
    <property name="java.ext.dirs" value="C:\Users\kiss-\Util\Java\jdk1.8.0_172\jre\lib\ext;C:\WINDOWS\Sun\Java\lib\ext"/>
    <property name="sun.boot.class.path" value="C:\Users\kiss-\Util\Java\jdk1.8.0_172\jre\lib\resources.jar;C:\Users\kiss-\Util\Java\jdk1.8.0_172\jre\lib\rt.jar;C:\Users\kiss-\Util\Java\jdk1.8.0_172\jre\lib\sunrsasign.jar;C:\Users\kiss-\Util\Java\jdk1.8.0_172\jre\lib\jsse.jar;C:\Users\kiss-\Util\Java\jdk1.8.0_172\jre\lib\jce.jar;C:\Users\kiss-\Util\Java\jdk1.8.0_172\jre\lib\charsets.jar;C:\Users\kiss-\Util\Java\jdk1.8.0_172\jre\lib\jfr.jar;C:\Users\kiss-\Util\Java\jdk1.8.0_172\jre\classes"/>
    <property name="sun.stderr.encoding" value="cp850"/>
    <property name="java.vendor" value="Oracle Corporation"/>
    <property name="maven.home" value="C:\Users\kiss-\Util\apache-maven-3.5.4"/>
    <property name="file.separator" value="\"/>
    <property name="java.vendor.url.bug" value="http://bugreport.sun.com/bugreport/"/>
    <property name="sun.cpu.endian" value="little"/>
    <property name="sun.io.unicode.encoding" value="UnicodeLittle"/>
    <property name="sun.stdout.encoding" value="cp850"/>
    <property name="sun.desktop" value="windows"/>
    <property name="sun.cpu.isalist" value="amd64"/>
  </properties>
  <testcase classname="uk.gergely.kiss.test.GameServiceTest" name="GameRulesValidatorTest" time="0.056"/>
  <testcase classname="uk.gergely.kiss.test.GameServiceTest" name="integersStringRepresentationTest" time="0"/>
  <testcase classname="uk.gergely.kiss.test.GameServiceTest" name="FizzBuzzTest" time="0"/>
  <testcase classname="uk.gergely.kiss.test.GameServiceTest" name="FozzBozzTest" time="0"/>
  <testcase classname="uk.gergely.kiss.test.GameServiceTest" name="UserDefinedWordGameTest" time="0"/>
</testsuite>